<?xml version="1.0" encoding="UTF-8"?>
<!-- Generated by org.testng.reporters.JUnitXMLReporter -->
<testsuite hostname="DESKTOP-P2IQJOQ" ignored="0" name="Mobile App" tests="4" failures="0" timestamp="25 Jun 2019 18:00:28 GMT" time="62.126" errors="0">
  <testcase name="validateSmartBusLink" time="2.197" classname="com.org.tests.BusBooking"/>
  <testcase name="validateDetailsOfCityAndDate" time="39.152" classname="com.org.tests.BusBooking"/>
  <testcase name="validateSeatBookingProcess" time="17.362" classname="com.org.tests.BusBooking"/>
  <testcase name="validatePasasngerDetailsForm" time="3.367" classname="com.org.tests.BusBooking"/>
</testsuite> <!-- Mobile App -->
