<?xml version="1.0" encoding="UTF-8"?>
<!-- Generated by org.testng.reporters.JUnitXMLReporter -->
<testsuite hostname="DESKTOP-P2IQJOQ" ignored="0" name="Default test" tests="4" failures="0" timestamp="26 Jun 2019 02:36:38 GMT" time="96.901" errors="0">
  <testcase name="validateSmartBusLink" time="2.127" classname="com.org.tests.BusBooking"/>
  <testcase name="validateDetailsOfCityAndDate" time="64.881" classname="com.org.tests.BusBooking"/>
  <testcase name="validateSeatBookingProcess" time="24.088" classname="com.org.tests.BusBooking"/>
  <testcase name="validatePasasngerDetailsForm" time="5.751" classname="com.org.tests.BusBooking"/>
</testsuite> <!-- Default test -->
